# JRE version: OpenJDK Runtime Environment (21.0.8) (build 21.0.8+-14196175-b1038.72)
# Java VM: OpenJDK 64-Bit Server VM (21.0.8+-14196175-b1038.72, mixed mode, tiered, compressed oops, compressed class ptrs, g1 gc, windows-amd64)
GC Precious Log:
 CardTable entry size: 512
 Card Set container configuration: InlinePtr #cards 5 size 8 Array Of Cards #cards 12 size 40 Howl #buckets 4 coarsen threshold 1843 Howl Bitmap #cards 512 size 80 coarsen threshold 460 Card regions per heap region 1 cards per card region 2048
 CPUs: 4 total, 4 available
 Memory: 6059M
 Large Page Support: Disabled
 NUMA Support: Disabled
 Compressed Oops: Enabled (32-bit)
 Heap Region Size: 1M
 Heap Min Capacity: 8M
 Heap Initial Capacity: 96M
 Heap Max Capacity: 1516M
 Pre-touch: Disabled
 Parallel Workers: 4
 Concurrent Workers: 1
 Concurrent Refinement Workers: 4
 Periodic GC: Disabled
Heap:
 garbage-first heap   total 258048K, used 200589K [0x00000000a1400000, 0x0000000100000000)
  region size 1024K, 45 young (46080K), 4 survivors (4096K)
 Metaspace       used 65615K, committed 65984K, reserved 1114112K
  class space    used 7427K, committed 7616K, reserved 1048576K
GC Heap History (20 events):
Event: 29.428 GC heap before
{Heap before GC invocations=27 (full 0):
 garbage-first heap   total 135168K, used 114688K [0x00000000a1400000, 0x0000000100000000)
  region size 1024K, 34 young (34816K), 3 survivors (3072K)
 Metaspace       used 56229K, committed 56512K, reserved 1114112K
  class space    used 6546K, committed 6656K, reserved 1048576K
}
Event: 29.437 GC heap after
{Heap after GC invocations=28 (full 0):
 garbage-first heap   total 135168K, used 91136K [0x00000000a1400000, 0x0000000100000000)
  region size 1024K, 5 young (5120K), 5 survivors (5120K)
 Metaspace       used 56229K, committed 56512K, reserved 1114112K
  class space    used 6546K, committed 6656K, reserved 1048576K
}
Event: 30.270 GC heap before
{Heap before GC invocations=28 (full 0):
 garbage-first heap   total 135168K, used 117760K [0x00000000a1400000, 0x0000000100000000)
  region size 1024K, 31 young (31744K), 5 survivors (5120K)
 Metaspace       used 56229K, committed 56512K, reserved 1114112K
  class space    used 6546K, committed 6656K, reserved 1048576K
}
Event: 30.280 GC heap after
{Heap after GC invocations=29 (full 0):
 garbage-first heap   total 135168K, used 98687K [0x00000000a1400000, 0x0000000100000000)
  region size 1024K, 4 young (4096K), 4 survivors (4096K)
 Metaspace       used 56229K, committed 56512K, reserved 1114112K
  class space    used 6546K, committed 6656K, reserved 1048576K
}
Event: 30.629 GC heap before
{Heap before GC invocations=30 (full 0):
 garbage-first heap   total 165888K, used 120191K [0x00000000a1400000, 0x0000000100000000)
  region size 1024K, 25 young (25600K), 4 survivors (4096K)
 Metaspace       used 56229K, committed 56512K, reserved 1114112K
  class space    used 6546K, committed 6656K, reserved 1048576K
}
Event: 30.637 GC heap after
{Heap after GC invocations=31 (full 0):
 garbage-first heap   total 165888K, used 104448K [0x00000000a1400000, 0x0000000100000000)
  region size 1024K, 4 young (4096K), 4 survivors (4096K)
 Metaspace       used 56229K, committed 56512K, reserved 1114112K
  class space    used 6546K, committed 6656K, reserved 1048576K
}
Event: 31.124 GC heap before
{Heap before GC invocations=31 (full 0):
 garbage-first heap   total 165888K, used 142336K [0x00000000a1400000, 0x0000000100000000)
  region size 1024K, 41 young (41984K), 4 survivors (4096K)
 Metaspace       used 56229K, committed 56512K, reserved 1114112K
  class space    used 6546K, committed 6656K, reserved 1048576K
}
Event: 31.135 GC heap after
{Heap after GC invocations=32 (full 0):
 garbage-first heap   total 165888K, used 113152K [0x00000000a1400000, 0x0000000100000000)
  region size 1024K, 6 young (6144K), 6 survivors (6144K)
 Metaspace       used 56229K, committed 56512K, reserved 1114112K
  class space    used 6546K, committed 6656K, reserved 1048576K
}
Event: 31.493 GC heap before
{Heap before GC invocations=32 (full 0):
 garbage-first heap   total 165888K, used 144896K [0x00000000a1400000, 0x0000000100000000)
  region size 1024K, 37 young (37888K), 6 survivors (6144K)
 Metaspace       used 56229K, committed 56512K, reserved 1114112K
  class space    used 6546K, committed 6656K, reserved 1048576K
}
Event: 31.504 GC heap after
{Heap after GC invocations=33 (full 0):
 garbage-first heap   total 165888K, used 121856K [0x00000000a1400000, 0x0000000100000000)
  region size 1024K, 5 young (5120K), 5 survivors (5120K)
 Metaspace       used 56229K, committed 56512K, reserved 1114112K
  class space    used 6546K, committed 6656K, reserved 1048576K
}
Event: 33.459 GC heap before
{Heap before GC invocations=34 (full 0):
 garbage-first heap   total 203776K, used 148480K [0x00000000a1400000, 0x0000000100000000)
  region size 1024K, 31 young (31744K), 5 survivors (5120K)
 Metaspace       used 56268K, committed 56576K, reserved 1114112K
  class space    used 6552K, committed 6656K, reserved 1048576K
}
Event: 33.474 GC heap after
{Heap after GC invocations=35 (full 0):
 garbage-first heap   total 203776K, used 131072K [0x00000000a1400000, 0x0000000100000000)
  region size 1024K, 4 young (4096K), 4 survivors (4096K)
 Metaspace       used 56268K, committed 56576K, reserved 1114112K
  class space    used 6552K, committed 6656K, reserved 1048576K
}
Event: 38.637 GC heap before
{Heap before GC invocations=35 (full 0):
 garbage-first heap   total 203776K, used 173056K [0x00000000a1400000, 0x0000000100000000)
  region size 1024K, 45 young (46080K), 4 survivors (4096K)
 Metaspace       used 61425K, committed 61760K, reserved 1114112K
  class space    used 7170K, committed 7296K, reserved 1048576K
}
Event: 38.660 GC heap after
{Heap after GC invocations=36 (full 0):
 garbage-first heap   total 203776K, used 137673K [0x00000000a1400000, 0x0000000100000000)
  region size 1024K, 6 young (6144K), 6 survivors (6144K)
 Metaspace       used 61425K, committed 61760K, reserved 1114112K
  class space    used 7170K, committed 7296K, reserved 1048576K
}
Event: 50.532 GC heap before
{Heap before GC invocations=36 (full 0):
 garbage-first heap   total 203776K, used 177609K [0x00000000a1400000, 0x0000000100000000)
  region size 1024K, 45 young (46080K), 6 survivors (6144K)
 Metaspace       used 63542K, committed 63936K, reserved 1114112K
  class space    used 7278K, committed 7424K, reserved 1048576K
}
Event: 50.555 GC heap after
{Heap after GC invocations=37 (full 0):
 garbage-first heap   total 203776K, used 145129K [0x00000000a1400000, 0x0000000100000000)
  region size 1024K, 6 young (6144K), 6 survivors (6144K)
 Metaspace       used 63542K, committed 63936K, reserved 1114112K
  class space    used 7278K, committed 7424K, reserved 1048576K
}
Event: 55.082 GC heap before
{Heap before GC invocations=37 (full 0):
 garbage-first heap   total 203776K, used 181993K [0x00000000a1400000, 0x0000000100000000)
  region size 1024K, 42 young (43008K), 6 survivors (6144K)
 Metaspace       used 64532K, committed 64896K, reserved 1114112K
  class space    used 7372K, committed 7552K, reserved 1048576K
}
Event: 55.102 GC heap after
{Heap after GC invocations=38 (full 0):
 garbage-first heap   total 203776K, used 154624K [0x00000000a1400000, 0x0000000100000000)
  region size 1024K, 6 young (6144K), 6 survivors (6144K)
 Metaspace       used 64532K, committed 64896K, reserved 1114112K
  class space    used 7372K, committed 7552K, reserved 1048576K
}
Event: 59.397 GC heap before
{Heap before GC invocations=39 (full 0):
 garbage-first heap   total 258048K, used 183296K [0x00000000a1400000, 0x0000000100000000)
  region size 1024K, 34 young (34816K), 6 survivors (6144K)
 Metaspace       used 65343K, committed 65728K, reserved 1114112K
  class space    used 7421K, committed 7616K, reserved 1048576K
}
Event: 59.412 GC heap after
{Heap after GC invocations=40 (full 0):
 garbage-first heap   total 258048K, used 159629K [0x00000000a1400000, 0x0000000100000000)
  region size 1024K, 4 young (4096K), 4 survivors (4096K)
 Metaspace       used 65343K, committed 65728K, reserved 1114112K
  class space    used 7421K, committed 7616K, reserved 1048576K
}

