# JRE version: Java(TM) SE Runtime Environment (24.0.2+12) (build 24.0.2+12-54)
# Java VM: Java HotSpot(TM) 64-Bit Server VM (24.0.2+12-54, mixed mode, sharing, tiered, compressed oops, compressed class ptrs, serial gc, windows-amd64)
GC Precious Log:
 CardTable entry size: 512
 CPUs: 4 total, 4 available
 Memory: 6059M
 Large Page Support: Disabled
 NUMA Support: Disabled
 Compressed Oops: Enabled (32-bit)
 Heap Min Capacity: 8M
 Heap Initial Capacity: 96M
 Heap Max Capacity: 1G
 Pre-touch: Disabled
Heap:
 DefNew     total 29632K, used 22436K [0x00000000c0000000, 0x00000000c2020000, 0x00000000d5550000)
  eden space 26368K,  83% used [0x00000000c0000000, 0x00000000c1595a88, 0x00000000c19c0000)
  from space 3264K,  10% used [0x00000000c1cf0000, 0x00000000c1d43798, 0x00000000c2020000)
  to   space 3264K,   0% used [0x00000000c19c0000, 0x00000000c19c0000, 0x00000000c1cf0000)
 Tenured    total 65536K, used 28660K [0x00000000d5550000, 0x00000000d9550000, 0x0000000100000000)
   the space 65536K,  43% used [0x00000000d5550000, 0x00000000d714d288, 0x00000000d9550000)
 Metaspace       used 36805K, committed 38400K, reserved 278528K
  class space    used 4162K, committed 4928K, reserved 212992K
GC Heap History (20 events):
Event: 25.520 GC heap before
{Heap before GC invocations=4 (full 0):
 DefNew     total 29504K, used 29503K [0x00000000c0000000, 0x00000000c2000000, 0x00000000d5550000)
  eden space 26240K, 100% used [0x00000000c0000000, 0x00000000c19a0000, 0x00000000c19a0000)
  from space 3264K,  99% used [0x00000000c19a0000, 0x00000000c1ccfff8, 0x00000000c1cd0000)
  to   space 3264K,   0% used [0x00000000c1cd0000, 0x00000000c1cd0000, 0x00000000c2000000)
 Tenured    total 65536K, used 12544K [0x00000000d5550000, 0x00000000d9550000, 0x0000000100000000)
   the space 65536K,  19% used [0x00000000d5550000, 0x00000000d6190330, 0x00000000d9550000)
 Metaspace       used 10768K, committed 11136K, reserved 278528K
  class space    used 1106K, committed 1280K, reserved 212992K
}
Event: 25.570 GC heap after
{Heap after GC invocations=5 (full 0):
 DefNew     total 29504K, used 3182K [0x00000000c0000000, 0x00000000c2000000, 0x00000000d5550000)
  eden space 26240K,   0% used [0x00000000c0000000, 0x00000000c0000000, 0x00000000c19a0000)
  from space 3264K,  97% used [0x00000000c1cd0000, 0x00000000c1feb8c8, 0x00000000c2000000)
  to   space 3264K,   0% used [0x00000000c19a0000, 0x00000000c19a0000, 0x00000000c1cd0000)
 Tenured    total 65536K, used 15798K [0x00000000d5550000, 0x00000000d9550000, 0x0000000100000000)
   the space 65536K,  24% used [0x00000000d5550000, 0x00000000d64bda20, 0x00000000d9550000)
 Metaspace       used 10768K, committed 11136K, reserved 278528K
  class space    used 1106K, committed 1280K, reserved 212992K
}
Event: 32.703 GC heap before
{Heap before GC invocations=5 (full 0):
 DefNew     total 29504K, used 29422K [0x00000000c0000000, 0x00000000c2000000, 0x00000000d5550000)
  eden space 26240K, 100% used [0x00000000c0000000, 0x00000000c19a0000, 0x00000000c19a0000)
  from space 3264K,  97% used [0x00000000c1cd0000, 0x00000000c1feb8c8, 0x00000000c2000000)
  to   space 3264K,   0% used [0x00000000c19a0000, 0x00000000c19a0000, 0x00000000c1cd0000)
 Tenured    total 65536K, used 15798K [0x00000000d5550000, 0x00000000d9550000, 0x0000000100000000)
   the space 65536K,  24% used [0x00000000d5550000, 0x00000000d64bda20, 0x00000000d9550000)
 Metaspace       used 15407K, committed 15872K, reserved 278528K
  class space    used 1589K, committed 1792K, reserved 212992K
}
Event: 32.718 GC heap after
{Heap after GC invocations=6 (full 0):
 DefNew     total 29504K, used 1383K [0x00000000c0000000, 0x00000000c2000000, 0x00000000d5550000)
  eden space 26240K,   0% used [0x00000000c0000000, 0x00000000c0000000, 0x00000000c19a0000)
  from space 3264K,  42% used [0x00000000c19a0000, 0x00000000c1af9e78, 0x00000000c1cd0000)
  to   space 3264K,   0% used [0x00000000c1cd0000, 0x00000000c1cd0000, 0x00000000c2000000)
 Tenured    total 65536K, used 18948K [0x00000000d5550000, 0x00000000d9550000, 0x0000000100000000)
   the space 65536K,  28% used [0x00000000d5550000, 0x00000000d67d1338, 0x00000000d9550000)
 Metaspace       used 15407K, committed 15872K, reserved 278528K
  class space    used 1589K, committed 1792K, reserved 212992K
}
Event: 37.842 GC heap before
{Heap before GC invocations=6 (full 0):
 DefNew     total 29504K, used 27431K [0x00000000c0000000, 0x00000000c2000000, 0x00000000d5550000)
  eden space 26240K,  99% used [0x00000000c0000000, 0x00000000c196ff08, 0x00000000c19a0000)
  from space 3264K,  42% used [0x00000000c19a0000, 0x00000000c1af9e78, 0x00000000c1cd0000)
  to   space 3264K,   0% used [0x00000000c1cd0000, 0x00000000c1cd0000, 0x00000000c2000000)
 Tenured    total 65536K, used 18948K [0x00000000d5550000, 0x00000000d9550000, 0x0000000100000000)
   the space 65536K,  28% used [0x00000000d5550000, 0x00000000d67d1338, 0x00000000d9550000)
 Metaspace       used 18764K, committed 19328K, reserved 278528K
  class space    used 1982K, committed 2240K, reserved 212992K
}
Event: 37.855 GC heap after
{Heap after GC invocations=7 (full 0):
 DefNew     total 29504K, used 3264K [0x00000000c0000000, 0x00000000c2000000, 0x00000000d5550000)
  eden space 26240K,   0% used [0x00000000c0000000, 0x00000000c0000000, 0x00000000c19a0000)
  from space 3264K, 100% used [0x00000000c1cd0000, 0x00000000c2000000, 0x00000000c2000000)
  to   space 3264K,   0% used [0x00000000c19a0000, 0x00000000c19a0000, 0x00000000c1cd0000)
 Tenured    total 65536K, used 19082K [0x00000000d5550000, 0x00000000d9550000, 0x0000000100000000)
   the space 65536K,  29% used [0x00000000d5550000, 0x00000000d67f2b98, 0x00000000d9550000)
 Metaspace       used 18764K, committed 19328K, reserved 278528K
  class space    used 1982K, committed 2240K, reserved 212992K
}
Event: 43.392 GC heap before
{Heap before GC invocations=7 (full 0):
 DefNew     total 29504K, used 15614K [0x00000000c0000000, 0x00000000c2000000, 0x00000000d5550000)
  eden space 26240K,  47% used [0x00000000c0000000, 0x00000000c0c0fa48, 0x00000000c19a0000)
  from space 3264K, 100% used [0x00000000c1cd0000, 0x00000000c2000000, 0x00000000c2000000)
  to   space 3264K,   0% used [0x00000000c19a0000, 0x00000000c19a0000, 0x00000000c1cd0000)
 Tenured    total 65536K, used 19082K [0x00000000d5550000, 0x00000000d9550000, 0x0000000100000000)
   the space 65536K,  29% used [0x00000000d5550000, 0x00000000d67f2b98, 0x00000000d9550000)
 Metaspace       used 20863K, committed 21504K, reserved 278528K
  class space    used 2167K, committed 2496K, reserved 212992K
}
Event: 43.454 GC heap after
{Heap after GC invocations=8 (full 1):
 DefNew     total 29632K, used 0K [0x00000000c0000000, 0x00000000c2020000, 0x00000000d5550000)
  eden space 26368K,   0% used [0x00000000c0000000, 0x00000000c0000000, 0x00000000c19c0000)
  from space 3264K,   0% used [0x00000000c19c0000, 0x00000000c19c0000, 0x00000000c1cf0000)
  to   space 3264K,   0% used [0x00000000c1cf0000, 0x00000000c1cf0000, 0x00000000c2020000)
 Tenured    total 65536K, used 22207K [0x00000000d5550000, 0x00000000d9550000, 0x0000000100000000)
   the space 65536K,  33% used [0x00000000d5550000, 0x00000000d6affd88, 0x00000000d9550000)
 Metaspace       used 20863K, committed 21504K, reserved 278528K
  class space    used 2167K, committed 2496K, reserved 212992K
}
Event: 46.273 GC heap before
{Heap before GC invocations=8 (full 1):
 DefNew     total 29632K, used 26368K [0x00000000c0000000, 0x00000000c2020000, 0x00000000d5550000)
  eden space 26368K, 100% used [0x00000000c0000000, 0x00000000c19c0000, 0x00000000c19c0000)
  from space 3264K,   0% used [0x00000000c19c0000, 0x00000000c19c0000, 0x00000000c1cf0000)
  to   space 3264K,   0% used [0x00000000c1cf0000, 0x00000000c1cf0000, 0x00000000c2020000)
 Tenured    total 65536K, used 22207K [0x00000000d5550000, 0x00000000d9550000, 0x0000000100000000)
   the space 65536K,  33% used [0x00000000d5550000, 0x00000000d6affd88, 0x00000000d9550000)
 Metaspace       used 23823K, committed 24640K, reserved 278528K
  class space    used 2517K, committed 2880K, reserved 212992K
}
Event: 46.285 GC heap after
{Heap after GC invocations=9 (full 1):
 DefNew     total 29632K, used 1798K [0x00000000c0000000, 0x00000000c2020000, 0x00000000d5550000)
  eden space 26368K,   0% used [0x00000000c0000000, 0x00000000c0000000, 0x00000000c19c0000)
  from space 3264K,  55% used [0x00000000c1cf0000, 0x00000000c1eb1b08, 0x00000000c2020000)
  to   space 3264K,   0% used [0x00000000c19c0000, 0x00000000c19c0000, 0x00000000c1cf0000)
 Tenured    total 65536K, used 22207K [0x00000000d5550000, 0x00000000d9550000, 0x0000000100000000)
   the space 65536K,  33% used [0x00000000d5550000, 0x00000000d6affd88, 0x00000000d9550000)
 Metaspace       used 23823K, committed 24640K, reserved 278528K
  class space    used 2517K, committed 2880K, reserved 212992K
}
Event: 47.556 GC heap before
{Heap before GC invocations=9 (full 1):
 DefNew     total 29632K, used 28166K [0x00000000c0000000, 0x00000000c2020000, 0x00000000d5550000)
  eden space 26368K, 100% used [0x00000000c0000000, 0x00000000c19c0000, 0x00000000c19c0000)
  from space 3264K,  55% used [0x00000000c1cf0000, 0x00000000c1eb1b08, 0x00000000c2020000)
  to   space 3264K,   0% used [0x00000000c19c0000, 0x00000000c19c0000, 0x00000000c1cf0000)
 Tenured    total 65536K, used 22207K [0x00000000d5550000, 0x00000000d9550000, 0x0000000100000000)
   the space 65536K,  33% used [0x00000000d5550000, 0x00000000d6affd88, 0x00000000d9550000)
 Metaspace       used 27050K, committed 28032K, reserved 278528K
  class space    used 2937K, committed 3392K, reserved 212992K
}
Event: 47.570 GC heap after
{Heap after GC invocations=10 (full 1):
 DefNew     total 29632K, used 1036K [0x00000000c0000000, 0x00000000c2020000, 0x00000000d5550000)
  eden space 26368K,   0% used [0x00000000c0000000, 0x00000000c0000000, 0x00000000c19c0000)
  from space 3264K,  31% used [0x00000000c19c0000, 0x00000000c1ac3038, 0x00000000c1cf0000)
  to   space 3264K,   0% used [0x00000000c1cf0000, 0x00000000c1cf0000, 0x00000000c2020000)
 Tenured    total 65536K, used 23950K [0x00000000d5550000, 0x00000000d9550000, 0x0000000100000000)
   the space 65536K,  36% used [0x00000000d5550000, 0x00000000d6cb3860, 0x00000000d9550000)
 Metaspace       used 27050K, committed 28032K, reserved 278528K
  class space    used 2937K, committed 3392K, reserved 212992K
}
Event: 49.014 GC heap before
{Heap before GC invocations=10 (full 1):
 DefNew     total 29632K, used 27404K [0x00000000c0000000, 0x00000000c2020000, 0x00000000d5550000)
  eden space 26368K, 100% used [0x00000000c0000000, 0x00000000c19c0000, 0x00000000c19c0000)
  from space 3264K,  31% used [0x00000000c19c0000, 0x00000000c1ac3038, 0x00000000c1cf0000)
  to   space 3264K,   0% used [0x00000000c1cf0000, 0x00000000c1cf0000, 0x00000000c2020000)
 Tenured    total 65536K, used 23950K [0x00000000d5550000, 0x00000000d9550000, 0x0000000100000000)
   the space 65536K,  36% used [0x00000000d5550000, 0x00000000d6cb3860, 0x00000000d9550000)
 Metaspace       used 29635K, committed 30848K, reserved 278528K
  class space    used 3315K, committed 3904K, reserved 212992K
}
Event: 49.024 GC heap after
{Heap after GC invocations=11 (full 1):
 DefNew     total 29632K, used 2120K [0x00000000c0000000, 0x00000000c2020000, 0x00000000d5550000)
  eden space 26368K,   0% used [0x00000000c0000000, 0x00000000c0000000, 0x00000000c19c0000)
  from space 3264K,  64% used [0x00000000c1cf0000, 0x00000000c1f020d0, 0x00000000c2020000)
  to   space 3264K,   0% used [0x00000000c19c0000, 0x00000000c19c0000, 0x00000000c1cf0000)
 Tenured    total 65536K, used 23950K [0x00000000d5550000, 0x00000000d9550000, 0x0000000100000000)
   the space 65536K,  36% used [0x00000000d5550000, 0x00000000d6cb3860, 0x00000000d9550000)
 Metaspace       used 29635K, committed 30848K, reserved 278528K
  class space    used 3315K, committed 3904K, reserved 212992K
}
Event: 50.188 GC heap before
{Heap before GC invocations=11 (full 1):
 DefNew     total 29632K, used 28488K [0x00000000c0000000, 0x00000000c2020000, 0x00000000d5550000)
  eden space 26368K, 100% used [0x00000000c0000000, 0x00000000c19c0000, 0x00000000c19c0000)
  from space 3264K,  64% used [0x00000000c1cf0000, 0x00000000c1f020d0, 0x00000000c2020000)
  to   space 3264K,   0% used [0x00000000c19c0000, 0x00000000c19c0000, 0x00000000c1cf0000)
 Tenured    total 65536K, used 23950K [0x00000000d5550000, 0x00000000d9550000, 0x0000000100000000)
   the space 65536K,  36% used [0x00000000d5550000, 0x00000000d6cb3860, 0x00000000d9550000)
 Metaspace       used 32889K, committed 34240K, reserved 278528K
  class space    used 3651K, committed 4288K, reserved 212992K
}
Event: 50.206 GC heap after
{Heap after GC invocations=12 (full 1):
 DefNew     total 29632K, used 2607K [0x00000000c0000000, 0x00000000c2020000, 0x00000000d5550000)
  eden space 26368K,   0% used [0x00000000c0000000, 0x00000000c0000000, 0x00000000c19c0000)
  from space 3264K,  79% used [0x00000000c19c0000, 0x00000000c1c4be78, 0x00000000c1cf0000)
  to   space 3264K,   0% used [0x00000000c1cf0000, 0x00000000c1cf0000, 0x00000000c2020000)
 Tenured    total 65536K, used 24946K [0x00000000d5550000, 0x00000000d9550000, 0x0000000100000000)
   the space 65536K,  38% used [0x00000000d5550000, 0x00000000d6dac870, 0x00000000d9550000)
 Metaspace       used 32889K, committed 34240K, reserved 278528K
  class space    used 3651K, committed 4288K, reserved 212992K
}
Event: 50.919 GC heap before
{Heap before GC invocations=12 (full 1):
 DefNew     total 29632K, used 11827K [0x00000000c0000000, 0x00000000c2020000, 0x00000000d5550000)
  eden space 26368K,  34% used [0x00000000c0000000, 0x00000000c0900f48, 0x00000000c19c0000)
  from space 3264K,  79% used [0x00000000c19c0000, 0x00000000c1c4be78, 0x00000000c1cf0000)
  to   space 3264K,   0% used [0x00000000c1cf0000, 0x00000000c1cf0000, 0x00000000c2020000)
 Tenured    total 65536K, used 24946K [0x00000000d5550000, 0x00000000d9550000, 0x0000000100000000)
   the space 65536K,  38% used [0x00000000d5550000, 0x00000000d6dac870, 0x00000000d9550000)
 Metaspace       used 34544K, committed 35840K, reserved 278528K
  class space    used 3797K, committed 4416K, reserved 212992K
}
Event: 51.019 GC heap after
{Heap after GC invocations=13 (full 2):
 DefNew     total 29632K, used 0K [0x00000000c0000000, 0x00000000c2020000, 0x00000000d5550000)
  eden space 26368K,   0% used [0x00000000c0000000, 0x00000000c0000000, 0x00000000c19c0000)
  from space 3264K,   0% used [0x00000000c19c0000, 0x00000000c19c0000, 0x00000000c1cf0000)
  to   space 3264K,   0% used [0x00000000c1cf0000, 0x00000000c1cf0000, 0x00000000c2020000)
 Tenured    total 65536K, used 28660K [0x00000000d5550000, 0x00000000d9550000, 0x0000000100000000)
   the space 65536K,  43% used [0x00000000d5550000, 0x00000000d714d288, 0x00000000d9550000)
 Metaspace       used 34544K, committed 35840K, reserved 278528K
  class space    used 3797K, committed 4416K, reserved 212992K
}
Event: 51.519 GC heap before
{Heap before GC invocations=13 (full 2):
 DefNew     total 29632K, used 26368K [0x00000000c0000000, 0x00000000c2020000, 0x00000000d5550000)
  eden space 26368K, 100% used [0x00000000c0000000, 0x00000000c19c0000, 0x00000000c19c0000)
  from space 3264K,   0% used [0x00000000c19c0000, 0x00000000c19c0000, 0x00000000c1cf0000)
  to   space 3264K,   0% used [0x00000000c1cf0000, 0x00000000c1cf0000, 0x00000000c2020000)
 Tenured    total 65536K, used 28660K [0x00000000d5550000, 0x00000000d9550000, 0x0000000100000000)
   the space 65536K,  43% used [0x00000000d5550000, 0x00000000d714d288, 0x00000000d9550000)
 Metaspace       used 35287K, committed 36672K, reserved 278528K
  class space    used 3918K, committed 4544K, reserved 212992K
}
Event: 51.523 GC heap after
{Heap after GC invocations=14 (full 2):
 DefNew     total 29632K, used 333K [0x00000000c0000000, 0x00000000c2020000, 0x00000000d5550000)
  eden space 26368K,   0% used [0x00000000c0000000, 0x00000000c0000000, 0x00000000c19c0000)
  from space 3264K,  10% used [0x00000000c1cf0000, 0x00000000c1d43798, 0x00000000c2020000)
  to   space 3264K,   0% used [0x00000000c19c0000, 0x00000000c19c0000, 0x00000000c1cf0000)
 Tenured    total 65536K, used 28660K [0x00000000d5550000, 0x00000000d9550000, 0x0000000100000000)
   the space 65536K,  43% used [0x00000000d5550000, 0x00000000d714d288, 0x00000000d9550000)
 Metaspace       used 35287K, committed 36672K, reserved 278528K
  class space    used 3918K, committed 4544K, reserved 212992K
}

